生成启动时间为 2021/12/31 9:43:23。
     1>项目“E:\vs\数据结构\campus_guide\campus_guide\campus_guide.vcxproj”在节点 2 上(Build 个目标)。
     1>ClCompile:
         C:\Program Files (x86)\Microsoft Visual Studio 12.0\VC\bin\CL.exe /c /ZI /nologo /W3 /WX- /Od /Oy- /D WIN32 /D _DEBUG /D _CONSOLE /D _LIB /D _MBCS /Gm /EHsc /RTC1 /MDd /GS /fp:precise /Zc:wchar_t /Zc:forScope /Fo"Debug\\" /Fd"Debug\vc120.pdb" /Gd /TP /analyze- /errorReport:prompt scenicmanager.cpp
         scenicmanager.cpp
     1>e:\vs\数据结构\campus_guide\campus_guide\constant.h(8): warning C4005: “INFINITY”: 宏重定义
                 c:\program files (x86)\microsoft visual studio 12.0\vc\include\math.h(102) : 参见“INFINITY”的前一个定义
     1>e:\vs\数据结构\campus_guide\campus_guide\constant.h(31): warning C4091: “typedef ”: 没有声明变量时忽略“vexs”的左侧
     1>e:\vs\数据结构\campus_guide\campus_guide\scenicmanager.cpp(47): warning C4996: 'fopen': This function or variable may be unsafe. Consider using fopen_s instead. To disable deprecation, use _CRT_SECURE_NO_WARNINGS. See online help for details.
                 c:\program files (x86)\microsoft visual studio 12.0\vc\include\stdio.h(211) : 参见“fopen”的声明
     1>e:\vs\数据结构\campus_guide\campus_guide\scenicmanager.cpp(62): warning C4996: 'fopen': This function or variable may be unsafe. Consider using fopen_s instead. To disable deprecation, use _CRT_SECURE_NO_WARNINGS. See online help for details.
                 c:\program files (x86)\microsoft visual studio 12.0\vc\include\stdio.h(211) : 参见“fopen”的声明
     1>e:\vs\数据结构\campus_guide\campus_guide\scenicmanager.cpp(65): warning C4996: 'fscanf': This function or variable may be unsafe. Consider using fscanf_s instead. To disable deprecation, use _CRT_SECURE_NO_WARNINGS. See online help for details.
                 c:\program files (x86)\microsoft visual studio 12.0\vc\include\stdio.h(230) : 参见“fscanf”的声明
       Link:
         C:\Program Files (x86)\Microsoft Visual Studio 12.0\VC\bin\link.exe /ERRORREPORT:PROMPT /OUT:"E:\vs\数据结构\campus_guide\Debug\campus_guide.exe" /INCREMENTAL /NOLOGO kernel32.lib user32.lib gdi32.lib winspool.lib comdlg32.lib advapi32.lib shell32.lib ole32.lib oleaut32.lib uuid.lib odbc32.lib odbccp32.lib /MANIFEST /MANIFESTUAC:"level='asInvoker' uiAccess='false'" /manifest:embed /DEBUG /PDB:"E:\vs\数据结构\campus_guide\Debug\campus_guide.pdb" /SUBSYSTEM:CONSOLE /TLBID:1 /DYNAMICBASE /NXCOMPAT /IMPLIB:"E:\vs\数据结构\campus_guide\Debug\campus_guide.lib" /MACHINE:X86 Debug\floyd.obj
         Debug\graph.obj
         Debug\judje.obj
         Debug\login.obj
         Debug\main.obj
         Debug\draw.obj
         Debug\DFS.obj
         Debug\mouse_floyd.obj
         Debug\scenicmanager.obj
         Debug\search.obj
         campus_guide.vcxproj -> E:\vs\数据结构\campus_guide\Debug\campus_guide.exe
     1>已完成生成项目“E:\vs\数据结构\campus_guide\campus_guide\campus_guide.vcxproj”(Build 个目标)的操作。

生成成功。

已用时间 00:00:04.93
